<?xml version="1.0" encoding="UTF-8"?>
<testng-results skipped="0" failed="0" ignored="0" total="1" passed="1">
  <reporter-output>
  </reporter-output>
  <suite name="Test Suite" duration-ms="88689" started-at="2023-04-03T13:12:02 IST" finished-at="2023-04-03T13:13:30 IST">
    <groups>
      <group name="cucumber">
        <method signature="TestRunner.feature(cucumber.api.testng.CucumberFeatureWrapper)[pri:0, instance:demo.openmrs.org.runner.TestRunner@fad74ee]" name="feature" class="demo.openmrs.org.runner.TestRunner"/>
      </group> <!-- cucumber -->
    </groups>
    <test name="TestAutomatedFeatures" duration-ms="88689" started-at="2023-04-03T13:12:02 IST" finished-at="2023-04-03T13:13:30 IST">
      <class name="demo.openmrs.org.runner.TestRunner">
        <test-method status="PASS" signature="setUpClass()[pri:0, instance:demo.openmrs.org.runner.TestRunner@fad74ee]" name="setUpClass" is-config="true" duration-ms="248" started-at="2023-04-03T13:12:02 IST" finished-at="2023-04-03T13:12:02 IST">
          <reporter-output>
          </reporter-output>
        </test-method> <!-- setUpClass -->
        <test-method status="PASS" signature="setUp()[pri:0, instance:demo.openmrs.org.runner.TestRunner@fad74ee]" name="setUp" is-config="true" duration-ms="3117" started-at="2023-04-03T13:12:02 IST" finished-at="2023-04-03T13:12:05 IST">
          <reporter-output>
          </reporter-output>
        </test-method> <!-- setUp -->
        <test-method status="PASS" signature="feature(cucumber.api.testng.CucumberFeatureWrapper)[pri:0, instance:demo.openmrs.org.runner.TestRunner@fad74ee]" name="feature" duration-ms="83373" started-at="2023-04-03T13:12:05 IST" description="Runs Cucumber Features" data-provider="features" finished-at="2023-04-03T13:13:28 IST">
          <params>
            <param index="0">
              <value>
                <![CDATA[Test the application flow]]>
              </value>
            </param>
          </params>
          <reporter-output>
          </reporter-output>
        </test-method> <!-- feature -->
        <test-method status="PASS" signature="tearDown()[pri:0, instance:demo.openmrs.org.runner.TestRunner@fad74ee]" name="tearDown" is-config="true" duration-ms="960" started-at="2023-04-03T13:13:29 IST" finished-at="2023-04-03T13:13:30 IST">
          <reporter-output>
          </reporter-output>
        </test-method> <!-- tearDown -->
        <test-method status="PASS" signature="tearDownClass()[pri:0, instance:demo.openmrs.org.runner.TestRunner@fad74ee]" name="tearDownClass" is-config="true" duration-ms="702" started-at="2023-04-03T13:13:30 IST" finished-at="2023-04-03T13:13:30 IST">
          <reporter-output>
          </reporter-output>
        </test-method> <!-- tearDownClass -->
      </class> <!-- demo.openmrs.org.runner.TestRunner -->
    </test> <!-- TestAutomatedFeatures -->
  </suite> <!-- Test Suite -->
</testng-results>
